2014-09-15 00:53:49.217 ionic-ios-image-exchange[67246:70b] Multi-tasking -> Device: YES, App: YES
2014-09-15 00:53:49.268 ionic-ios-image-exchange[67246:70b] Unlimited access to network resources
2014-09-15 00:53:49.358 ionic-ios-image-exchange[67246:70b] [CDVTimer][keyboard] 0.073016ms
2014-09-15 00:53:49.359 ionic-ios-image-exchange[67246:70b] CDVPlugin class CDVStatusBar (pluginName: statusbar) does not exist.
2014-09-15 00:53:49.359 ionic-ios-image-exchange[67246:70b] [CDVTimer][statusbar] 0.445008ms
2014-09-15 00:53:49.360 ionic-ios-image-exchange[67246:70b] [CDVTimer][TotalPluginStartup] 1.520038ms
2014-09-15 00:53:50.154 ionic-ios-image-exchange[67246:70b] Resetting plugins due to page load.
2014-09-15 00:53:50.635 ionic-ios-image-exchange[67246:70b] Finished load of: file:///Users/admin/Library/Application%20Support/iPhone%20Simulator/7.1/Applications/F95C8C8A-4976-4E8D-9E83-4E6B35FC4568/ionic-ios-image-exchange.app/www/index.html
2014-09-15 00:54:58.594 ionic-ios-image-exchange[67407:70b] Multi-tasking -> Device: YES, App: YES
2014-09-15 00:54:58.605 ionic-ios-image-exchange[67407:70b] Unlimited access to network resources
2014-09-15 00:54:58.630 ionic-ios-image-exchange[67407:70b] [CDVTimer][keyboard] 0.068009ms
2014-09-15 00:54:58.631 ionic-ios-image-exchange[67407:70b] CDVPlugin class CDVStatusBar (pluginName: statusbar) does not exist.
2014-09-15 00:54:58.632 ionic-ios-image-exchange[67407:70b] [CDVTimer][statusbar] 0.903010ms
2014-09-15 00:54:58.632 ionic-ios-image-exchange[67407:70b] [CDVTimer][TotalPluginStartup] 2.194047ms
2014-09-15 00:54:58.690 ionic-ios-image-exchange[67407:70b] Resetting plugins due to page load.
2014-09-15 00:54:58.888 ionic-ios-image-exchange[67407:70b] Finished load of: file:///Users/admin/Library/Application%20Support/iPhone%20Simulator/7.1/Applications/F95C8C8A-4976-4E8D-9E83-4E6B35FC4568/ionic-ios-image-exchange.app/www/index.html
2014-09-15 00:56:09.774 ionic-ios-image-exchange[67603:70b] Multi-tasking -> Device: YES, App: YES
2014-09-15 00:56:09.785 ionic-ios-image-exchange[67603:70b] Unlimited access to network resources
2014-09-15 00:56:09.809 ionic-ios-image-exchange[67603:70b] [CDVTimer][keyboard] 0.091016ms
2014-09-15 00:56:09.810 ionic-ios-image-exchange[67603:70b] CDVPlugin class CDVStatusBar (pluginName: statusbar) does not exist.
2014-09-15 00:56:09.811 ionic-ios-image-exchange[67603:70b] [CDVTimer][statusbar] 0.783980ms
2014-09-15 00:56:09.811 ionic-ios-image-exchange[67603:70b] [CDVTimer][TotalPluginStartup] 2.262056ms
2014-09-15 00:56:09.954 ionic-ios-image-exchange[67603:70b] Resetting plugins due to page load.
2014-09-15 00:56:10.297 ionic-ios-image-exchange[67603:70b] Finished load of: file:///Users/admin/Library/Application%20Support/iPhone%20Simulator/7.1/Applications/F95C8C8A-4976-4E8D-9E83-4E6B35FC4568/ionic-ios-image-exchange.app/www/index.html
2014-09-15 00:56:32.049 ionic-ios-image-exchange[67603:70b] THREAD WARNING: ['ImageExchange'] took '2828.465820' ms. Plugin should use a background thread.
2014-09-15 01:33:59.301 ionic-ios-image-exchange[81366:70b] Multi-tasking -> Device: YES, App: YES
2014-09-15 01:33:59.733 ionic-ios-image-exchange[81366:70b] Unlimited access to network resources
2014-09-15 01:34:02.801 ionic-ios-image-exchange[81366:70b] [CDVTimer][keyboard] 0.118017ms
2014-09-15 01:34:02.841 ionic-ios-image-exchange[81366:70b] [CDVTimer][file] 39.268017ms
2014-09-15 01:34:02.841 ionic-ios-image-exchange[81366:70b] CDVPlugin class CDVStatusBar (pluginName: statusbar) does not exist.
2014-09-15 01:34:02.842 ionic-ios-image-exchange[81366:70b] [CDVTimer][statusbar] 0.450015ms
2014-09-15 01:34:02.842 ionic-ios-image-exchange[81366:70b] [CDVTimer][TotalPluginStartup] 41.552007ms
2014-09-15 01:34:04.004 ionic-ios-image-exchange[81366:70b] Resetting plugins due to page load.
2014-09-15 01:34:05.452 ionic-ios-image-exchange[81366:70b] Finished load of: file:///Users/admin/Library/Application%20Support/iPhone%20Simulator/7.1/Applications/F95C8C8A-4976-4E8D-9E83-4E6B35FC4568/ionic-ios-image-exchange.app/www/index.html
2014-09-15 01:34:11.073 ionic-ios-image-exchange[81366:70b] THREAD WARNING: ['File'] took '59.352051' ms. Plugin should use a background thread.
2014-09-15 01:34:11.122 ionic-ios-image-exchange[81366:70b] THREAD WARNING: ['File'] took '41.660156' ms. Plugin should use a background thread.
2014-09-15 01:34:14.542 ionic-ios-image-exchange[82797:70b] Multi-tasking -> Device: YES, App: YES
2014-09-15 01:34:14.549 ionic-ios-image-exchange[82797:70b] Unlimited access to network resources
2014-09-15 01:34:14.568 ionic-ios-image-exchange[82797:70b] [CDVTimer][keyboard] 0.093997ms
2014-09-15 01:34:14.570 ionic-ios-image-exchange[82797:70b] [CDVTimer][file] 1.646996ms
2014-09-15 01:34:14.571 ionic-ios-image-exchange[82797:70b] CDVPlugin class CDVStatusBar (pluginName: statusbar) does not exist.
2014-09-15 01:34:14.571 ionic-ios-image-exchange[82797:70b] [CDVTimer][statusbar] 0.458002ms
2014-09-15 01:34:14.572 ionic-ios-image-exchange[82797:70b] [CDVTimer][TotalPluginStartup] 3.738046ms
2014-09-15 01:34:14.634 ionic-ios-image-exchange[82797:70b] Resetting plugins due to page load.
2014-09-15 01:34:14.809 ionic-ios-image-exchange[82797:70b] Finished load of: file:///Users/admin/Library/Application%20Support/iPhone%20Simulator/7.1/Applications/F95C8C8A-4976-4E8D-9E83-4E6B35FC4568/ionic-ios-image-exchange.app/www/index.html
2014-09-15 01:35:25.744 ionic-ios-image-exchange[82797:70b] THREAD WARNING: ['File'] took '13.620117' ms. Plugin should use a background thread.
2014-09-15 01:35:28.203 ionic-ios-image-exchange[82797:70b] THREAD WARNING: ['File'] took '2441.328125' ms. Plugin should use a background thread.
2014-09-15 01:52:42.585 ionic-ios-image-exchange[86095:70b] Multi-tasking -> Device: YES, App: YES
2014-09-15 01:52:42.812 ionic-ios-image-exchange[86095:70b] Unlimited access to network resources
2014-09-15 01:52:43.026 ionic-ios-image-exchange[86095:70b] [CDVTimer][keyboard] 0.084996ms
2014-09-15 01:52:43.348 ionic-ios-image-exchange[86095:70b] [CDVTimer][file] 321.250975ms
2014-09-15 01:52:43.349 ionic-ios-image-exchange[86095:70b] CDVPlugin class CDVStatusBar (pluginName: statusbar) does not exist.
2014-09-15 01:52:43.349 ionic-ios-image-exchange[86095:70b] [CDVTimer][statusbar] 0.611961ms
2014-09-15 01:52:43.350 ionic-ios-image-exchange[86095:70b] [CDVTimer][TotalPluginStartup] 323.670030ms
2014-09-15 01:52:45.067 ionic-ios-image-exchange[86095:70b] Resetting plugins due to page load.
2014-09-15 01:52:46.344 ionic-ios-image-exchange[86095:70b] Finished load of: file:///Users/admin/Library/Application%20Support/iPhone%20Simulator/7.1/Applications/F95C8C8A-4976-4E8D-9E83-4E6B35FC4568/ionic-ios-image-exchange.app/www/index.html
2014-09-15 01:52:55.152 ionic-ios-image-exchange[86095:70b] THREAD WARNING: ['File'] took '63.297852' ms. Plugin should use a background thread.
2014-09-15 01:53:10.469 ionic-ios-image-exchange[86095:70b] THREAD WARNING: ['File'] took '1955.222900' ms. Plugin should use a background thread.
2014-09-15 01:53:10.474 ionic-ios-image-exchange[86095:70b] The document subpath is lenna.png
2014-09-15 01:53:10.475 ionic-ios-image-exchange[86095:70b] The document directory is /Users/admin/Library/Application Support/iPhone Simulator/7.1/Applications/F95C8C8A-4976-4E8D-9E83-4E6B35FC4568/Documents 
2014-09-15 01:53:17.909 ionic-ios-image-exchange[86095:70b] THREAD WARNING: ['ImageExchange'] took '7435.328125' ms. Plugin should use a background thread.
2014-09-15 01:58:01.677 ionic-ios-image-exchange[89133:70b] Multi-tasking -> Device: YES, App: YES
2014-09-15 01:58:01.699 ionic-ios-image-exchange[89133:70b] Unlimited access to network resources
2014-09-15 01:58:01.754 ionic-ios-image-exchange[89133:70b] [CDVTimer][keyboard] 0.091970ms
2014-09-15 01:58:01.783 ionic-ios-image-exchange[89133:70b] [CDVTimer][file] 27.978003ms
2014-09-15 01:58:01.783 ionic-ios-image-exchange[89133:70b] CDVPlugin class CDVStatusBar (pluginName: statusbar) does not exist.
2014-09-15 01:58:01.784 ionic-ios-image-exchange[89133:70b] [CDVTimer][statusbar] 0.518978ms
2014-09-15 01:58:01.784 ionic-ios-image-exchange[89133:70b] [CDVTimer][TotalPluginStartup] 30.424953ms
2014-09-15 01:58:02.605 ionic-ios-image-exchange[89133:70b] Resetting plugins due to page load.
2014-09-15 01:58:03.177 ionic-ios-image-exchange[89133:70b] Finished load of: file:///Users/admin/Library/Application%20Support/iPhone%20Simulator/7.1/Applications/F95C8C8A-4976-4E8D-9E83-4E6B35FC4568/ionic-ios-image-exchange.app/www/index.html
2014-09-15 01:59:46.820 ionic-ios-image-exchange[89133:70b] THREAD WARNING: ['File'] took '1775.052979' ms. Plugin should use a background thread.
2014-09-15 01:59:46.856 ionic-ios-image-exchange[89133:70b] The document subpath is lenna.png
2014-09-15 01:59:46.857 ionic-ios-image-exchange[89133:70b] The document directory is /Users/admin/Library/Application Support/iPhone Simulator/7.1/Applications/F95C8C8A-4976-4E8D-9E83-4E6B35FC4568/Documents 
2014-09-15 01:59:49.300 ionic-ios-image-exchange[89133:70b] THREAD WARNING: ['ImageExchange'] took '2456.827148' ms. Plugin should use a background thread.
2014-09-15 02:10:33.934 ionic-ios-image-exchange[96630:70b] Multi-tasking -> Device: YES, App: YES
2014-09-15 02:10:34.021 ionic-ios-image-exchange[96630:70b] Unlimited access to network resources
2014-09-15 02:10:34.097 ionic-ios-image-exchange[96630:70b] [CDVTimer][keyboard] 0.142992ms
2014-09-15 02:10:34.157 ionic-ios-image-exchange[96630:70b] [CDVTimer][file] 58.490992ms
2014-09-15 02:10:34.157 ionic-ios-image-exchange[96630:70b] CDVPlugin class CDVStatusBar (pluginName: statusbar) does not exist.
2014-09-15 02:10:34.157 ionic-ios-image-exchange[96630:70b] [CDVTimer][statusbar] 0.452995ms
2014-09-15 02:10:34.158 ionic-ios-image-exchange[96630:70b] [CDVTimer][TotalPluginStartup] 60.659051ms
2014-09-15 02:10:34.481 ionic-ios-image-exchange[96630:70b] Resetting plugins due to page load.
2014-09-15 02:10:35.312 ionic-ios-image-exchange[96630:70b] Finished load of: file:///Users/admin/Library/Application%20Support/iPhone%20Simulator/7.1/Applications/F95C8C8A-4976-4E8D-9E83-4E6B35FC4568/ionic-ios-image-exchange.app/www/index.html
2014-09-15 02:10:37.519 ionic-ios-image-exchange[96630:70b] THREAD WARNING: ['File'] took '62.989014' ms. Plugin should use a background thread.
2014-09-15 02:10:37.560 ionic-ios-image-exchange[96630:70b] THREAD WARNING: ['File'] took '34.467773' ms. Plugin should use a background thread.
2014-09-15 02:10:39.775 ionic-ios-image-exchange[96630:70b] THREAD WARNING: ['File'] took '2198.533203' ms. Plugin should use a background thread.
2014-09-15 02:10:39.778 ionic-ios-image-exchange[96630:70b] The document subpath is lenna.png
2014-09-15 02:10:39.779 ionic-ios-image-exchange[96630:70b] The document directory is /Users/admin/Library/Application Support/iPhone Simulator/7.1/Applications/F95C8C8A-4976-4E8D-9E83-4E6B35FC4568/Documents 
2014-09-15 02:10:49.100 ionic-ios-image-exchange[96630:70b] THREAD WARNING: ['ImageExchange'] took '9322.688965' ms. Plugin should use a background thread.
2014-09-15 10:25:12.344 ionic-ios-image-exchange[1137:70b] Multi-tasking -> Device: YES, App: YES
2014-09-15 10:25:12.355 ionic-ios-image-exchange[1137:70b] Unlimited access to network resources
2014-09-15 10:25:12.403 ionic-ios-image-exchange[1137:70b] [CDVTimer][keyboard] 0.132978ms
2014-09-15 10:25:12.449 ionic-ios-image-exchange[1137:70b] [CDVTimer][file] 44.870973ms
2014-09-15 10:25:12.449 ionic-ios-image-exchange[1137:70b] CDVPlugin class CDVStatusBar (pluginName: statusbar) does not exist.
2014-09-15 10:25:12.450 ionic-ios-image-exchange[1137:70b] [CDVTimer][statusbar] 0.507951ms
2014-09-15 10:25:12.450 ionic-ios-image-exchange[1137:70b] [CDVTimer][TotalPluginStartup] 47.199011ms
2014-09-15 10:25:12.606 ionic-ios-image-exchange[1137:70b] Resetting plugins due to page load.
2014-09-15 10:25:13.184 ionic-ios-image-exchange[1137:70b] Finished load of: file:///Users/admin/Library/Application%20Support/iPhone%20Simulator/7.1/Applications/F95C8C8A-4976-4E8D-9E83-4E6B35FC4568/ionic-ios-image-exchange.app/www/index.html
2014-09-15 10:25:36.544 ionic-ios-image-exchange[1137:70b] THREAD WARNING: ['File'] took '14.247314' ms. Plugin should use a background thread.
2014-09-15 10:25:36.578 ionic-ios-image-exchange[1137:70b] THREAD WARNING: ['File'] took '10.029785' ms. Plugin should use a background thread.
2014-09-15 10:26:08.083 ionic-ios-image-exchange[1137:70b] THREAD WARNING: ['ImageExchange'] took '1861.702881' ms. Plugin should use a background thread.
2014-09-15 10:26:47.004 ionic-ios-image-exchange[1137:70b] THREAD WARNING: ['File'] took '48.460205' ms. Plugin should use a background thread.
2014-09-15 10:26:49.121 ionic-ios-image-exchange[1137:70b] THREAD WARNING: ['File'] took '2098.827148' ms. Plugin should use a background thread.
2014-09-15 10:26:49.154 ionic-ios-image-exchange[1137:70b] The document subpath is lenna.png
2014-09-15 10:26:49.155 ionic-ios-image-exchange[1137:70b] The document directory is /Users/admin/Library/Application Support/iPhone Simulator/7.1/Applications/F95C8C8A-4976-4E8D-9E83-4E6B35FC4568/Documents 
2014-09-15 10:26:51.142 ionic-ios-image-exchange[1137:70b] THREAD WARNING: ['ImageExchange'] took '2018.329834' ms. Plugin should use a background thread.
2014-09-15 10:30:24.898 ionic-ios-image-exchange[4159:70b] Multi-tasking -> Device: YES, App: YES
2014-09-15 10:30:24.971 ionic-ios-image-exchange[4159:70b] Unlimited access to network resources
2014-09-15 10:30:25.019 ionic-ios-image-exchange[4159:70b] [CDVTimer][keyboard] 0.081003ms
2014-09-15 10:30:25.028 ionic-ios-image-exchange[4159:70b] [CDVTimer][file] 8.175969ms
2014-09-15 10:30:25.029 ionic-ios-image-exchange[4159:70b] CDVPlugin class CDVStatusBar (pluginName: statusbar) does not exist.
2014-09-15 10:30:25.030 ionic-ios-image-exchange[4159:70b] [CDVTimer][statusbar] 1.061976ms
2014-09-15 10:30:25.031 ionic-ios-image-exchange[4159:70b] [CDVTimer][TotalPluginStartup] 11.878967ms
2014-09-15 10:30:25.927 ionic-ios-image-exchange[4159:70b] Resetting plugins due to page load.
2014-09-15 10:30:26.263 ionic-ios-image-exchange[4159:70b] Finished load of: file:///Users/admin/Library/Application%20Support/iPhone%20Simulator/7.1/Applications/F95C8C8A-4976-4E8D-9E83-4E6B35FC4568/ionic-ios-image-exchange.app/www/index.html
2014-09-15 10:32:18.720 ionic-ios-image-exchange[4159:70b] ERROR: Wrong type for parameter "path" of DirectoryEntry.getFile: Expected String, but got Undefined.
2014-09-15 10:32:18.754 ionic-ios-image-exchange[4159:70b] THREAD WARNING: ['Console'] took '33.791260' ms. Plugin should use a background thread.
2014-09-15 10:32:28.023 ionic-ios-image-exchange[4159:70b] ERROR: Wrong type for parameter "path" of DirectoryEntry.getFile: Expected String, but got Undefined.
2014-09-15 10:32:28.045 ionic-ios-image-exchange[4159:70b] THREAD WARNING: ['File'] took '18.778809' ms. Plugin should use a background thread.
2014-09-15 10:32:29.834 ionic-ios-image-exchange[4159:70b] THREAD WARNING: ['File'] took '1769.588135' ms. Plugin should use a background thread.
2014-09-15 10:32:29.852 ionic-ios-image-exchange[4159:70b] The document subpath is lenna.png
2014-09-15 10:32:29.853 ionic-ios-image-exchange[4159:70b] The document directory is /Users/admin/Library/Application Support/iPhone Simulator/7.1/Applications/F95C8C8A-4976-4E8D-9E83-4E6B35FC4568/Documents 
2014-09-15 10:32:31.525 ionic-ios-image-exchange[4159:70b] THREAD WARNING: ['ImageExchange'] took '1686.923096' ms. Plugin should use a background thread.
2014-09-15 10:34:44.633 ionic-ios-image-exchange[7152:70b] Multi-tasking -> Device: YES, App: YES
2014-09-15 10:34:44.677 ionic-ios-image-exchange[7152:70b] Unlimited access to network resources
2014-09-15 10:34:44.707 ionic-ios-image-exchange[7152:70b] [CDVTimer][keyboard] 0.079989ms
2014-09-15 10:34:44.728 ionic-ios-image-exchange[7152:70b] [CDVTimer][file] 20.128012ms
2014-09-15 10:34:44.728 ionic-ios-image-exchange[7152:70b] CDVPlugin class CDVStatusBar (pluginName: statusbar) does not exist.
2014-09-15 10:34:44.729 ionic-ios-image-exchange[7152:70b] [CDVTimer][statusbar] 0.413954ms
2014-09-15 10:34:44.729 ionic-ios-image-exchange[7152:70b] [CDVTimer][TotalPluginStartup] 22.221982ms
2014-09-15 10:34:45.310 ionic-ios-image-exchange[7152:70b] Resetting plugins due to page load.
2014-09-15 10:34:45.618 ionic-ios-image-exchange[7152:70b] Finished load of: file:///Users/admin/Library/Application%20Support/iPhone%20Simulator/7.1/Applications/F95C8C8A-4976-4E8D-9E83-4E6B35FC4568/ionic-ios-image-exchange.app/www/index.html
2014-09-15 10:37:25.853 ionic-ios-image-exchange[7152:70b] THREAD WARNING: ['File'] took '35.561279' ms. Plugin should use a background thread.
2014-09-15 10:37:25.902 ionic-ios-image-exchange[7152:70b] Removed file succesfully
2014-09-15 10:37:35.831 ionic-ios-image-exchange[7152:70b] THREAD WARNING: ['File'] took '15.193115' ms. Plugin should use a background thread.
2014-09-15 10:37:38.013 ionic-ios-image-exchange[7152:70b] THREAD WARNING: ['File'] took '2167.618896' ms. Plugin should use a background thread.
2014-09-15 10:37:38.018 ionic-ios-image-exchange[7152:70b] The document subpath is lenna.png
2014-09-15 10:37:38.019 ionic-ios-image-exchange[7152:70b] The document directory is /Users/admin/Library/Application Support/iPhone Simulator/7.1/Applications/F95C8C8A-4976-4E8D-9E83-4E6B35FC4568/Documents 
2014-09-15 10:37:39.494 ionic-ios-image-exchange[7152:70b] THREAD WARNING: ['ImageExchange'] took '1476.466064' ms. Plugin should use a background thread.
2014-09-15 10:37:41.886 ionic-ios-image-exchange[7152:70b] Removed file succesfully
2014-09-15 10:37:51.198 ionic-ios-image-exchange[7152:70b] THREAD WARNING: ['File'] took '1975.245117' ms. Plugin should use a background thread.
2014-09-15 10:37:51.204 ionic-ios-image-exchange[7152:70b] The document subpath is lenna.png
2014-09-15 10:37:51.205 ionic-ios-image-exchange[7152:70b] The document directory is /Users/admin/Library/Application Support/iPhone Simulator/7.1/Applications/F95C8C8A-4976-4E8D-9E83-4E6B35FC4568/Documents 
2014-09-15 10:37:52.579 ionic-ios-image-exchange[7152:70b] THREAD WARNING: ['ImageExchange'] took '1375.346924' ms. Plugin should use a background thread.
2014-09-15 10:47:22.666 ionic-ios-image-exchange[10409:70b] Multi-tasking -> Device: YES, App: YES
2014-09-15 10:47:22.730 ionic-ios-image-exchange[10409:70b] Unlimited access to network resources
2014-09-15 10:47:22.781 ionic-ios-image-exchange[10409:70b] [CDVTimer][keyboard] 0.118017ms
2014-09-15 10:47:22.793 ionic-ios-image-exchange[10409:70b] [CDVTimer][file] 11.933029ms
2014-09-15 10:47:22.794 ionic-ios-image-exchange[10409:70b] CDVPlugin class CDVStatusBar (pluginName: statusbar) does not exist.
2014-09-15 10:47:22.794 ionic-ios-image-exchange[10409:70b] [CDVTimer][statusbar] 0.393033ms
2014-09-15 10:47:22.795 ionic-ios-image-exchange[10409:70b] [CDVTimer][TotalPluginStartup] 14.047980ms
2014-09-15 10:47:22.985 ionic-ios-image-exchange[10409:70b] Resetting plugins due to page load.
2014-09-15 10:47:23.390 ionic-ios-image-exchange[10409:70b] Finished load of: file:///Users/admin/Library/Application%20Support/iPhone%20Simulator/7.1/Applications/F95C8C8A-4976-4E8D-9E83-4E6B35FC4568/ionic-ios-image-exchange.app/www/index.html
2014-09-15 10:49:37.661 ionic-ios-image-exchange[13371:70b] Multi-tasking -> Device: YES, App: YES
2014-09-15 10:49:37.686 ionic-ios-image-exchange[13371:70b] Unlimited access to network resources
2014-09-15 10:49:37.726 ionic-ios-image-exchange[13371:70b] [CDVTimer][keyboard] 0.136971ms
2014-09-15 10:49:37.729 ionic-ios-image-exchange[13371:70b] [CDVTimer][file] 2.276003ms
2014-09-15 10:49:37.729 ionic-ios-image-exchange[13371:70b] CDVPlugin class CDVStatusBar (pluginName: statusbar) does not exist.
2014-09-15 10:49:37.730 ionic-ios-image-exchange[13371:70b] [CDVTimer][statusbar] 0.500023ms
2014-09-15 10:49:37.730 ionic-ios-image-exchange[13371:70b] [CDVTimer][TotalPluginStartup] 4.637003ms
2014-09-15 10:49:38.552 ionic-ios-image-exchange[13371:70b] Resetting plugins due to page load.
2014-09-15 10:49:38.838 ionic-ios-image-exchange[13371:70b] Finished load of: file:///Users/admin/Library/Application%20Support/iPhone%20Simulator/7.1/Applications/F95C8C8A-4976-4E8D-9E83-4E6B35FC4568/ionic-ios-image-exchange.app/www/index.html
2014-09-15 10:51:46.826 ionic-ios-image-exchange[13371:70b] THREAD WARNING: ['File'] took '10.035889' ms. Plugin should use a background thread.
2014-09-15 10:52:49.838 ionic-ios-image-exchange[14879:70b] Multi-tasking -> Device: YES, App: YES
2014-09-15 10:52:49.848 ionic-ios-image-exchange[14879:70b] Unlimited access to network resources
2014-09-15 10:52:49.870 ionic-ios-image-exchange[14879:70b] [CDVTimer][keyboard] 0.088990ms
2014-09-15 10:52:49.873 ionic-ios-image-exchange[14879:70b] [CDVTimer][file] 1.643002ms
2014-09-15 10:52:49.873 ionic-ios-image-exchange[14879:70b] CDVPlugin class CDVStatusBar (pluginName: statusbar) does not exist.
2014-09-15 10:52:49.873 ionic-ios-image-exchange[14879:70b] [CDVTimer][statusbar] 0.435948ms
2014-09-15 10:52:49.874 ionic-ios-image-exchange[14879:70b] [CDVTimer][TotalPluginStartup] 3.567040ms
2014-09-15 10:52:51.659 ionic-ios-image-exchange[14879:70b] Resetting plugins due to page load.
2014-09-15 10:52:51.923 ionic-ios-image-exchange[14879:70b] Finished load of: file:///Users/admin/Library/Application%20Support/iPhone%20Simulator/7.1/Applications/1DCAE3CA-1613-4138-BF02-E19E96E3764F/ionic-ios-image-exchange.app/www/index.html
2014-09-15 10:57:28.936 ionic-ios-image-exchange[17861:70b] Multi-tasking -> Device: YES, App: YES
2014-09-15 10:57:28.946 ionic-ios-image-exchange[17861:70b] Unlimited access to network resources
2014-09-15 10:57:28.971 ionic-ios-image-exchange[17861:70b] [CDVTimer][keyboard] 0.127017ms
2014-09-15 10:57:28.974 ionic-ios-image-exchange[17861:70b] [CDVTimer][file] 2.389014ms
2014-09-15 10:57:28.975 ionic-ios-image-exchange[17861:70b] CDVPlugin class CDVStatusBar (pluginName: statusbar) does not exist.
2014-09-15 10:57:28.976 ionic-ios-image-exchange[17861:70b] [CDVTimer][statusbar] 0.595033ms
2014-09-15 10:57:28.976 ionic-ios-image-exchange[17861:70b] [CDVTimer][TotalPluginStartup] 4.903018ms
2014-09-15 10:57:29.342 ionic-ios-image-exchange[17861:70b] Resetting plugins due to page load.
2014-09-15 10:57:29.631 ionic-ios-image-exchange[17861:70b] Finished load of: file:///Users/admin/Library/Application%20Support/iPhone%20Simulator/7.1/Applications/B4273615-1B22-4DB6-B302-BB7C2FD38D16/ionic-ios-image-exchange.app/www/index.html
2014-09-15 10:58:05.499 ionic-ios-image-exchange[17861:70b] THREAD WARNING: ['ImageExchange'] took '1713.074951' ms. Plugin should use a background thread.
2014-09-15 10:58:08.830 ionic-ios-image-exchange[17861:70b] THREAD WARNING: ['File'] took '29.645264' ms. Plugin should use a background thread.
2014-09-15 10:58:08.844 ionic-ios-image-exchange[17861:70b] Error checking file [object Object]
2014-09-15 11:00:53.666 ionic-ios-image-exchange[20840:70b] Multi-tasking -> Device: YES, App: YES
2014-09-15 11:00:53.674 ionic-ios-image-exchange[20840:70b] Unlimited access to network resources
2014-09-15 11:00:53.760 ionic-ios-image-exchange[20840:70b] [CDVTimer][keyboard] 0.144005ms
2014-09-15 11:00:53.764 ionic-ios-image-exchange[20840:70b] [CDVTimer][file] 2.900004ms
2014-09-15 11:00:53.765 ionic-ios-image-exchange[20840:70b] CDVPlugin class CDVStatusBar (pluginName: statusbar) does not exist.
2014-09-15 11:00:53.766 ionic-ios-image-exchange[20840:70b] [CDVTimer][statusbar] 0.550985ms
2014-09-15 11:00:53.766 ionic-ios-image-exchange[20840:70b] [CDVTimer][TotalPluginStartup] 6.089032ms
2014-09-15 11:00:54.588 ionic-ios-image-exchange[20840:70b] Resetting plugins due to page load.
2014-09-15 11:00:54.848 ionic-ios-image-exchange[20840:70b] Finished load of: file:///Users/admin/Library/Application%20Support/iPhone%20Simulator/7.1/Applications/B836C6A8-486C-4DA2-81A6-7B4AAB0DC3F4/ionic-ios-image-exchange.app/www/index.html
2014-09-15 11:01:56.179 ionic-ios-image-exchange[20840:70b] THREAD WARNING: ['ImageExchange'] took '1554.408691' ms. Plugin should use a background thread.
2014-09-15 11:01:57.887 ionic-ios-image-exchange[20840:70b] THREAD WARNING: ['File'] took '24.770020' ms. Plugin should use a background thread.
2014-09-15 11:01:57.901 ionic-ios-image-exchange[20840:70b] Error checking file [object Object]
2014-09-15 11:02:02.930 ionic-ios-image-exchange[20840:70b] THREAD WARNING: ['File'] took '5009.278076' ms. Plugin should use a background thread.
2014-09-15 11:02:02.968 ionic-ios-image-exchange[20840:70b] The document subpath is lenna.png
2014-09-15 11:02:02.969 ionic-ios-image-exchange[20840:70b] The document directory is /Users/admin/Library/Application Support/iPhone Simulator/7.1/Applications/B836C6A8-486C-4DA2-81A6-7B4AAB0DC3F4/Documents 
2014-09-15 11:02:04.820 ionic-ios-image-exchange[20840:70b] THREAD WARNING: ['ImageExchange'] took '1884.665771' ms. Plugin should use a background thread.
2014-09-15 11:47:20.678 ionic-ios-image-exchange[48911:70b] Multi-tasking -> Device: YES, App: YES
2014-09-15 11:47:20.724 ionic-ios-image-exchange[48911:70b] Unlimited access to network resources
2014-09-15 11:47:20.741 ionic-ios-image-exchange[48911:70b] [CDVTimer][keyboard] 0.081003ms
2014-09-15 11:47:20.745 ionic-ios-image-exchange[48911:70b] [CDVTimer][file] 3.307998ms
2014-09-15 11:47:20.745 ionic-ios-image-exchange[48911:70b] CDVPlugin class CDVStatusBar (pluginName: statusbar) does not exist.
2014-09-15 11:47:20.746 ionic-ios-image-exchange[48911:70b] [CDVTimer][statusbar] 0.440001ms
2014-09-15 11:47:20.746 ionic-ios-image-exchange[48911:70b] [CDVTimer][TotalPluginStartup] 5.297005ms
2014-09-15 11:47:21.142 ionic-ios-image-exchange[48911:70b] Resetting plugins due to page load.
2014-09-15 11:47:21.546 ionic-ios-image-exchange[48911:70b] Finished load of: file:///Users/admin/Library/Application%20Support/iPhone%20Simulator/7.1/Applications/B836C6A8-486C-4DA2-81A6-7B4AAB0DC3F4/ionic-ios-image-exchange.app/www/index.html
2014-09-15 11:47:21.632 ionic-ios-image-exchange[48911:70b] THREAD WARNING: ['Keyboard'] took '12.101807' ms. Plugin should use a background thread.
2014-09-15 11:49:01.762 ionic-ios-image-exchange[50416:70b] Multi-tasking -> Device: YES, App: YES
2014-09-15 11:49:01.797 ionic-ios-image-exchange[50416:70b] Unlimited access to network resources
2014-09-15 11:49:01.836 ionic-ios-image-exchange[50416:70b] [CDVTimer][keyboard] 0.079036ms
2014-09-15 11:49:01.838 ionic-ios-image-exchange[50416:70b] [CDVTimer][file] 1.520038ms
2014-09-15 11:49:01.839 ionic-ios-image-exchange[50416:70b] CDVPlugin class CDVStatusBar (pluginName: statusbar) does not exist.
2014-09-15 11:49:01.839 ionic-ios-image-exchange[50416:70b] [CDVTimer][statusbar] 0.407994ms
2014-09-15 11:49:01.840 ionic-ios-image-exchange[50416:70b] [CDVTimer][TotalPluginStartup] 3.428996ms
2014-09-15 11:49:02.799 ionic-ios-image-exchange[50416:70b] Resetting plugins due to page load.
2014-09-15 11:49:03.519 ionic-ios-image-exchange[50416:70b] Finished load of: file:///Users/admin/Library/Application%20Support/iPhone%20Simulator/7.1/Applications/B836C6A8-486C-4DA2-81A6-7B4AAB0DC3F4/ionic-ios-image-exchange.app/www/index.html
2014-09-15 11:49:03.569 ionic-ios-image-exchange[50416:70b] THREAD WARNING: ['Device'] took '26.801758' ms. Plugin should use a background thread.
2014-09-15 12:50:01.274 ionic-ios-image-exchange[50416:70b] THREAD WARNING: ['File'] took '57.201904' ms. Plugin should use a background thread.
2014-09-15 12:50:01.327 ionic-ios-image-exchange[50416:70b] THREAD WARNING: ['File'] took '34.116943' ms. Plugin should use a background thread.
2014-09-15 12:50:01.368 ionic-ios-image-exchange[50416:70b] THREAD WARNING: ['File'] took '34.908936' ms. Plugin should use a background thread.
2014-09-15 12:50:03.532 ionic-ios-image-exchange[50416:70b] THREAD WARNING: ['File'] took '2139.500244' ms. Plugin should use a background thread.
2014-09-15 12:50:05.887 ionic-ios-image-exchange[50416:70b] THREAD WARNING: ['ImageExchange'] took '2349.917969' ms. Plugin should use a background thread.
2014-09-15 12:50:34.376 ionic-ios-image-exchange[50416:70b] THREAD WARNING: ['File'] took '1509.566162' ms. Plugin should use a background thread.
2014-09-15 12:50:38.786 ionic-ios-image-exchange[50416:70b] THREAD WARNING: ['ImageExchange'] took '4405.109863' ms. Plugin should use a background thread.
2014-09-15 12:52:42.936 ionic-ios-image-exchange[53804:70b] Multi-tasking -> Device: YES, App: YES
2014-09-15 12:52:43.240 ionic-ios-image-exchange[53804:70b] Unlimited access to network resources
2014-09-15 12:52:44.558 ionic-ios-image-exchange[53804:70b] [CDVTimer][keyboard] 0.100970ms
2014-09-15 12:52:44.561 ionic-ios-image-exchange[53804:70b] [CDVTimer][file] 1.753986ms
2014-09-15 12:52:44.561 ionic-ios-image-exchange[53804:70b] CDVPlugin class CDVStatusBar (pluginName: statusbar) does not exist.
2014-09-15 12:52:44.561 ionic-ios-image-exchange[53804:70b] [CDVTimer][statusbar] 0.397980ms
2014-09-15 12:52:44.562 ionic-ios-image-exchange[53804:70b] [CDVTimer][TotalPluginStartup] 3.611982ms
2014-09-15 12:52:46.985 ionic-ios-image-exchange[53804:70b] Resetting plugins due to page load.
2014-09-15 12:52:48.682 ionic-ios-image-exchange[53804:70b] Finished load of: file:///Users/admin/Library/Application%20Support/iPhone%20Simulator/7.1/Applications/B836C6A8-486C-4DA2-81A6-7B4AAB0DC3F4/ionic-ios-image-exchange.app/www/index.html
2014-09-15 12:52:51.595 ionic-ios-image-exchange[53804:70b] THREAD WARNING: ['File'] took '1661.076660' ms. Plugin should use a background thread.
2014-09-15 12:52:53.976 ionic-ios-image-exchange[53804:70b] THREAD WARNING: ['ImageExchange'] took '2376.583008' ms. Plugin should use a background thread.
2014-09-15 12:53:50.639 ionic-ios-image-exchange[53804:70b] THREAD WARNING: ['File'] took '32.344971' ms. Plugin should use a background thread.
2014-09-15 12:53:50.700 ionic-ios-image-exchange[53804:70b] THREAD WARNING: ['File'] took '21.177979' ms. Plugin should use a background thread.
2014-09-15 12:53:52.720 ionic-ios-image-exchange[53804:70b] THREAD WARNING: ['File'] took '2001.528076' ms. Plugin should use a background thread.
2014-09-15 12:53:54.697 ionic-ios-image-exchange[53804:70b] THREAD WARNING: ['ImageExchange'] took '1972.082031' ms. Plugin should use a background thread.
2014-09-15 12:56:21.104 ionic-ios-image-exchange[56788:70b] Multi-tasking -> Device: YES, App: YES
2014-09-15 12:56:21.134 ionic-ios-image-exchange[56788:70b] Unlimited access to network resources
2014-09-15 12:56:21.170 ionic-ios-image-exchange[56788:70b] [CDVTimer][keyboard] 0.079036ms
2014-09-15 12:56:21.175 ionic-ios-image-exchange[56788:70b] [CDVTimer][file] 4.159987ms
2014-09-15 12:56:21.175 ionic-ios-image-exchange[56788:70b] CDVPlugin class CDVStatusBar (pluginName: statusbar) does not exist.
2014-09-15 12:56:21.176 ionic-ios-image-exchange[56788:70b] [CDVTimer][statusbar] 0.464976ms
2014-09-15 12:56:21.176 ionic-ios-image-exchange[56788:70b] [CDVTimer][TotalPluginStartup] 6.187022ms
2014-09-15 12:56:22.006 ionic-ios-image-exchange[56788:70b] Resetting plugins due to page load.
2014-09-15 12:56:22.518 ionic-ios-image-exchange[56788:70b] Finished load of: file:///Users/admin/Library/Application%20Support/iPhone%20Simulator/7.1/Applications/B836C6A8-486C-4DA2-81A6-7B4AAB0DC3F4/ionic-ios-image-exchange.app/www/index.html
2014-09-15 12:56:52.947 ionic-ios-image-exchange[56788:70b] THREAD WARNING: ['File'] took '60.398926' ms. Plugin should use a background thread.
2014-09-15 12:56:52.982 ionic-ios-image-exchange[56788:70b] THREAD WARNING: ['File'] took '24.281982' ms. Plugin should use a background thread.
2014-09-15 12:56:54.816 ionic-ios-image-exchange[56788:70b] THREAD WARNING: ['File'] took '1798.630127' ms. Plugin should use a background thread.
2014-09-15 12:56:56.334 ionic-ios-image-exchange[56788:70b] THREAD WARNING: ['ImageExchange'] took '1515.313965' ms. Plugin should use a background thread.
2014-09-15 12:56:56.339 ionic-ios-image-exchange[56788:70b] readFile is now deprecated as of v0.1.4-alpha, use readAsText instead
2014-09-15 12:56:56.349 ionic-ios-image-exchange[56788:70b] Succesfully read file path
2014-09-15 12:58:25.662 ionic-ios-image-exchange[56788:70b] THREAD WARNING: ['File'] took '27.615967' ms. Plugin should use a background thread.
2014-09-15 12:58:25.700 ionic-ios-image-exchange[56788:70b] THREAD WARNING: ['File'] took '22.354248' ms. Plugin should use a background thread.
2014-09-15 12:58:27.342 ionic-ios-image-exchange[56788:70b] THREAD WARNING: ['File'] took '1625.604980' ms. Plugin should use a background thread.
2014-09-15 12:58:29.646 ionic-ios-image-exchange[56788:70b] THREAD WARNING: ['ImageExchange'] took '2300.070068' ms. Plugin should use a background thread.
2014-09-15 12:58:29.685 ionic-ios-image-exchange[56788:70b] readFile is now deprecated as of v0.1.4-alpha, use readAsText instead
2014-09-15 12:58:29.692 ionic-ios-image-exchange[56788:70b] Succesfully read file path
2014-09-15 13:00:14.678 ionic-ios-image-exchange[56788:70b] THREAD WARNING: ['File'] took '1880.865967' ms. Plugin should use a background thread.
2014-09-15 13:00:18.745 ionic-ios-image-exchange[56788:70b] THREAD WARNING: ['ImageExchange'] took '4062.149902' ms. Plugin should use a background thread.
2014-09-15 13:00:18.749 ionic-ios-image-exchange[56788:70b] readFile is now deprecated as of v0.1.4-alpha, use readAsText instead
2014-09-15 13:00:18.758 ionic-ios-image-exchange[56788:70b] Succesfully read file path
2014-09-15 13:03:58.637 ionic-ios-image-exchange[56788:70b] THREAD WARNING: ['File'] took '53.649170' ms. Plugin should use a background thread.
2014-09-15 13:04:00.672 ionic-ios-image-exchange[56788:70b] THREAD WARNING: ['File'] took '2010.802002' ms. Plugin should use a background thread.
2014-09-15 13:04:02.637 ionic-ios-image-exchange[56788:70b] THREAD WARNING: ['ImageExchange'] took '1962.293945' ms. Plugin should use a background thread.
2014-09-15 13:04:02.641 ionic-ios-image-exchange[56788:70b] readFile is now deprecated as of v0.1.4-alpha, use readAsText instead
2014-09-15 13:04:02.647 ionic-ios-image-exchange[56788:70b] Succesfully read file path
2014-09-15 13:26:01.553 ionic-ios-image-exchange[65236:70b] Multi-tasking -> Device: YES, App: YES
2014-09-15 13:26:01.571 ionic-ios-image-exchange[65236:70b] Unlimited access to network resources
2014-09-15 13:26:01.620 ionic-ios-image-exchange[65236:70b] [CDVTimer][keyboard] 0.079989ms
2014-09-15 13:26:01.622 ionic-ios-image-exchange[65236:70b] [CDVTimer][file] 1.551032ms
2014-09-15 13:26:01.622 ionic-ios-image-exchange[65236:70b] CDVPlugin class CDVStatusBar (pluginName: statusbar) does not exist.
2014-09-15 13:26:01.623 ionic-ios-image-exchange[65236:70b] [CDVTimer][statusbar] 0.423014ms
2014-09-15 13:26:01.623 ionic-ios-image-exchange[65236:70b] [CDVTimer][TotalPluginStartup] 3.503978ms
2014-09-15 13:26:02.563 ionic-ios-image-exchange[65236:70b] Resetting plugins due to page load.
2014-09-15 13:26:02.892 ionic-ios-image-exchange[65236:70b] Finished load of: file:///Users/admin/Library/Application%20Support/iPhone%20Simulator/7.1/Applications/B836C6A8-486C-4DA2-81A6-7B4AAB0DC3F4/ionic-ios-image-exchange.app/www/index.html
2014-09-15 13:32:06.009 ionic-ios-image-exchange[69730:70b] Multi-tasking -> Device: YES, App: YES
2014-09-15 13:32:06.020 ionic-ios-image-exchange[69730:70b] Unlimited access to network resources
2014-09-15 13:32:06.118 ionic-ios-image-exchange[69730:70b] [CDVTimer][keyboard] 0.081003ms
2014-09-15 13:32:06.135 ionic-ios-image-exchange[69730:70b] [CDVTimer][file] 16.110003ms
2014-09-15 13:32:06.136 ionic-ios-image-exchange[69730:70b] CDVPlugin class CDVStatusBar (pluginName: statusbar) does not exist.
2014-09-15 13:32:06.137 ionic-ios-image-exchange[69730:70b] [CDVTimer][statusbar] 1.042962ms
2014-09-15 13:32:06.138 ionic-ios-image-exchange[69730:70b] [CDVTimer][TotalPluginStartup] 19.874990ms
2014-09-15 13:32:08.301 ionic-ios-image-exchange[69730:70b] Resetting plugins due to page load.
2014-09-15 13:32:08.688 ionic-ios-image-exchange[69730:70b] Finished load of: file:///Users/admin/Library/Application%20Support/iPhone%20Simulator/7.1/Applications/B836C6A8-486C-4DA2-81A6-7B4AAB0DC3F4/ionic-ios-image-exchange.app/www/index.html
2014-09-15 13:32:52.398 ionic-ios-image-exchange[69730:70b] THREAD WARNING: ['File'] took '14.618896' ms. Plugin should use a background thread.
2014-09-15 13:32:52.439 ionic-ios-image-exchange[69730:70b] THREAD WARNING: ['File'] took '31.392822' ms. Plugin should use a background thread.
2014-09-15 13:32:52.491 ionic-ios-image-exchange[69730:70b] THREAD WARNING: ['File'] took '42.215088' ms. Plugin should use a background thread.
2014-09-15 13:32:54.834 ionic-ios-image-exchange[69730:70b] THREAD WARNING: ['File'] took '2317.089844' ms. Plugin should use a background thread.
2014-09-15 13:32:56.560 ionic-ios-image-exchange[69730:70b] THREAD WARNING: ['ImageExchange'] took '1722.438965' ms. Plugin should use a background thread.
2014-09-15 13:32:56.564 ionic-ios-image-exchange[69730:70b] readFile is now deprecated as of v0.1.4-alpha, use readAsText instead
2014-09-15 13:32:56.577 ionic-ios-image-exchange[69730:70b] Succesfully read file path
2014-09-15 13:34:42.595 ionic-ios-image-exchange[72699:70b] Multi-tasking -> Device: YES, App: YES
2014-09-15 13:34:42.622 ionic-ios-image-exchange[72699:70b] Unlimited access to network resources
2014-09-15 13:34:42.667 ionic-ios-image-exchange[72699:70b] [CDVTimer][keyboard] 0.083983ms
2014-09-15 13:34:42.669 ionic-ios-image-exchange[72699:70b] [CDVTimer][file] 1.459002ms
2014-09-15 13:34:42.669 ionic-ios-image-exchange[72699:70b] CDVPlugin class CDVStatusBar (pluginName: statusbar) does not exist.
2014-09-15 13:34:42.670 ionic-ios-image-exchange[72699:70b] [CDVTimer][statusbar] 0.424981ms
2014-09-15 13:34:42.670 ionic-ios-image-exchange[72699:70b] [CDVTimer][TotalPluginStartup] 3.324986ms
2014-09-15 13:34:43.436 ionic-ios-image-exchange[72699:70b] Resetting plugins due to page load.
2014-09-15 13:34:43.784 ionic-ios-image-exchange[72699:70b] Finished load of: file:///Users/admin/Library/Application%20Support/iPhone%20Simulator/7.1/Applications/B836C6A8-486C-4DA2-81A6-7B4AAB0DC3F4/ionic-ios-image-exchange.app/www/index.html
2014-09-15 13:34:58.190 ionic-ios-image-exchange[72699:70b] THREAD WARNING: ['File'] took '45.789062' ms. Plugin should use a background thread.
2014-09-15 13:34:59.991 ionic-ios-image-exchange[72699:70b] THREAD WARNING: ['File'] took '1763.472168' ms. Plugin should use a background thread.
2014-09-15 13:35:02.242 ionic-ios-image-exchange[72699:70b] THREAD WARNING: ['ImageExchange'] took '2246.454834' ms. Plugin should use a background thread.
2014-09-15 13:35:02.245 ionic-ios-image-exchange[72699:70b] readFile is now deprecated as of v0.1.4-alpha, use readAsText instead
2014-09-15 13:35:02.253 ionic-ios-image-exchange[72699:70b] Succesfully read file path
2014-09-15 13:37:07.741 ionic-ios-image-exchange[72699:70b] THREAD WARNING: ['File'] took '197.696777' ms. Plugin should use a background thread.
2014-09-15 13:37:07.816 ionic-ios-image-exchange[72699:70b] THREAD WARNING: ['File'] took '63.176270' ms. Plugin should use a background thread.
2014-09-15 13:37:09.549 ionic-ios-image-exchange[72699:70b] THREAD WARNING: ['File'] took '1710.379150' ms. Plugin should use a background thread.
2014-09-15 13:37:11.525 ionic-ios-image-exchange[72699:70b] THREAD WARNING: ['ImageExchange'] took '1973.698975' ms. Plugin should use a background thread.
2014-09-15 13:37:11.530 ionic-ios-image-exchange[72699:70b] readFile is now deprecated as of v0.1.4-alpha, use readAsText instead
2014-09-15 13:37:11.537 ionic-ios-image-exchange[72699:70b] Succesfully read file path
2014-09-15 13:37:27.104 ionic-ios-image-exchange[75670:70b] Multi-tasking -> Device: YES, App: YES
2014-09-15 13:37:27.160 ionic-ios-image-exchange[75670:70b] Unlimited access to network resources
2014-09-15 13:37:27.756 ionic-ios-image-exchange[75670:70b] [CDVTimer][keyboard] 0.122964ms
2014-09-15 13:37:27.823 ionic-ios-image-exchange[75670:70b] [CDVTimer][file] 66.259980ms
2014-09-15 13:37:27.824 ionic-ios-image-exchange[75670:70b] CDVPlugin class CDVStatusBar (pluginName: statusbar) does not exist.
2014-09-15 13:37:27.825 ionic-ios-image-exchange[75670:70b] [CDVTimer][statusbar] 0.858009ms
2014-09-15 13:37:27.826 ionic-ios-image-exchange[75670:70b] [CDVTimer][TotalPluginStartup] 70.098996ms
2014-09-15 13:37:29.823 ionic-ios-image-exchange[75670:70b] Resetting plugins due to page load.
2014-09-15 13:37:30.167 ionic-ios-image-exchange[75670:70b] Finished load of: file:///Users/admin/Library/Application%20Support/iPhone%20Simulator/7.1/Applications/B836C6A8-486C-4DA2-81A6-7B4AAB0DC3F4/ionic-ios-image-exchange.app/www/index.html
2014-09-15 13:37:30.224 ionic-ios-image-exchange[75670:70b] THREAD WARNING: ['File'] took '11.156006' ms. Plugin should use a background thread.
2014-09-15 13:37:31.427 ionic-ios-image-exchange[75670:70b] THREAD WARNING: ['File'] took '15.114014' ms. Plugin should use a background thread.
2014-09-15 13:37:31.476 ionic-ios-image-exchange[75670:70b] THREAD WARNING: ['File'] took '44.836182' ms. Plugin should use a background thread.
2014-09-15 13:37:33.326 ionic-ios-image-exchange[75670:70b] THREAD WARNING: ['File'] took '1831.116943' ms. Plugin should use a background thread.
2014-09-15 13:37:34.811 ionic-ios-image-exchange[75670:70b] THREAD WARNING: ['ImageExchange'] took '1479.190186' ms. Plugin should use a background thread.
2014-09-15 13:37:34.816 ionic-ios-image-exchange[75670:70b] Succesfully read file path
2014-09-15 13:37:34.817 ionic-ios-image-exchange[75670:70b] The result is lenna.png
2014-09-15 13:37:34.820 ionic-ios-image-exchange[75670:70b] ... FileEntry intro ... 
2014-09-15 13:41:38.146 ionic-ios-image-exchange[78653:70b] Multi-tasking -> Device: YES, App: YES
2014-09-15 13:41:38.153 ionic-ios-image-exchange[78653:70b] Unlimited access to network resources
2014-09-15 13:41:38.197 ionic-ios-image-exchange[78653:70b] [CDVTimer][keyboard] 0.080049ms
2014-09-15 13:41:38.199 ionic-ios-image-exchange[78653:70b] [CDVTimer][file] 1.509011ms
2014-09-15 13:41:38.199 ionic-ios-image-exchange[78653:70b] CDVPlugin class CDVStatusBar (pluginName: statusbar) does not exist.
2014-09-15 13:41:38.199 ionic-ios-image-exchange[78653:70b] [CDVTimer][statusbar] 0.426948ms
2014-09-15 13:41:38.200 ionic-ios-image-exchange[78653:70b] [CDVTimer][TotalPluginStartup] 3.445983ms
2014-09-15 13:41:39.211 ionic-ios-image-exchange[78653:70b] Resetting plugins due to page load.
2014-09-15 13:41:39.524 ionic-ios-image-exchange[78653:70b] Finished load of: file:///Users/admin/Library/Application%20Support/iPhone%20Simulator/7.1/Applications/B836C6A8-486C-4DA2-81A6-7B4AAB0DC3F4/ionic-ios-image-exchange.app/www/index.html
2014-09-15 13:44:00.799 ionic-ios-image-exchange[78653:70b] THREAD WARNING: ['File'] took '23.981934' ms. Plugin should use a background thread.
2014-09-15 13:44:02.423 ionic-ios-image-exchange[78653:70b] THREAD WARNING: ['File'] took '1586.395996' ms. Plugin should use a background thread.
2014-09-15 13:44:03.898 ionic-ios-image-exchange[78653:70b] THREAD WARNING: ['ImageExchange'] took '1469.927002' ms. Plugin should use a background thread.
2014-09-15 13:44:03.901 ionic-ios-image-exchange[78653:70b] Succesfully read file path
2014-09-15 13:44:03.902 ionic-ios-image-exchange[78653:70b] The result is lenna.png
2014-09-15 13:44:03.904 ionic-ios-image-exchange[78653:70b] ... FileEntry intro ... 
2014-09-15 13:51:02.237 ionic-ios-image-exchange[81673:70b] Multi-tasking -> Device: YES, App: YES
2014-09-15 13:51:02.326 ionic-ios-image-exchange[81673:70b] Unlimited access to network resources
2014-09-15 13:51:02.363 ionic-ios-image-exchange[81673:70b] [CDVTimer][keyboard] 0.090003ms
2014-09-15 13:51:02.365 ionic-ios-image-exchange[81673:70b] [CDVTimer][file] 2.191007ms
2014-09-15 13:51:02.366 ionic-ios-image-exchange[81673:70b] CDVPlugin class CDVStatusBar (pluginName: statusbar) does not exist.
2014-09-15 13:51:02.366 ionic-ios-image-exchange[81673:70b] [CDVTimer][statusbar] 0.440001ms
2014-09-15 13:51:02.367 ionic-ios-image-exchange[81673:70b] [CDVTimer][TotalPluginStartup] 4.295051ms
2014-09-15 13:51:03.417 ionic-ios-image-exchange[81673:70b] Resetting plugins due to page load.
2014-09-15 13:51:03.715 ionic-ios-image-exchange[81673:70b] Finished load of: file:///Users/admin/Library/Application%20Support/iPhone%20Simulator/7.1/Applications/B836C6A8-486C-4DA2-81A6-7B4AAB0DC3F4/ionic-ios-image-exchange.app/www/index.html
2014-09-15 13:51:17.527 ionic-ios-image-exchange[81673:70b] THREAD WARNING: ['File'] took '18.998047' ms. Plugin should use a background thread.
2014-09-15 13:51:19.262 ionic-ios-image-exchange[81673:70b] THREAD WARNING: ['File'] took '1690.463135' ms. Plugin should use a background thread.
2014-09-15 13:51:20.923 ionic-ios-image-exchange[81673:70b] THREAD WARNING: ['ImageExchange'] took '1657.140869' ms. Plugin should use a background thread.
2014-09-15 13:51:20.927 ionic-ios-image-exchange[81673:70b] Succesfully read file path
2014-09-15 13:51:20.927 ionic-ios-image-exchange[81673:70b] The result is lenna.png
2014-09-15 13:51:20.936 ionic-ios-image-exchange[81673:70b] ... FileEntry intro ... 
2014-09-15 13:51:20.940 ionic-ios-image-exchange[81673:70b] The result is [object ArrayBuffer]
2014-09-15 13:51:30.789 ionic-ios-image-exchange[81673:70b] THREAD WARNING: ['File'] took '1581.822998' ms. Plugin should use a background thread.
2014-09-15 13:51:32.053 ionic-ios-image-exchange[81673:70b] THREAD WARNING: ['ImageExchange'] took '1261.218262' ms. Plugin should use a background thread.
2014-09-15 13:51:32.057 ionic-ios-image-exchange[81673:70b] Succesfully read file path
2014-09-15 13:51:32.057 ionic-ios-image-exchange[81673:70b] The result is lenna.png
2014-09-15 13:51:32.062 ionic-ios-image-exchange[81673:70b] ... FileEntry intro ... 
2014-09-15 13:51:32.065 ionic-ios-image-exchange[81673:70b] The result is [object ArrayBuffer]
2014-09-15 13:57:24.109 ionic-ios-image-exchange[84694:70b] Multi-tasking -> Device: YES, App: YES
2014-09-15 13:57:24.117 ionic-ios-image-exchange[84694:70b] Unlimited access to network resources
2014-09-15 13:57:24.168 ionic-ios-image-exchange[84694:70b] [CDVTimer][keyboard] 0.082016ms
2014-09-15 13:57:24.171 ionic-ios-image-exchange[84694:70b] [CDVTimer][file] 2.209008ms
2014-09-15 13:57:24.172 ionic-ios-image-exchange[84694:70b] CDVPlugin class CDVStatusBar (pluginName: statusbar) does not exist.
2014-09-15 13:57:24.172 ionic-ios-image-exchange[84694:70b] [CDVTimer][statusbar] 0.568986ms
2014-09-15 13:57:24.173 ionic-ios-image-exchange[84694:70b] [CDVTimer][TotalPluginStartup] 4.631042ms
2014-09-15 13:57:25.620 ionic-ios-image-exchange[84694:70b] Resetting plugins due to page load.
2014-09-15 13:57:25.869 ionic-ios-image-exchange[84694:70b] Finished load of: file:///Users/admin/Library/Application%20Support/iPhone%20Simulator/7.1/Applications/B836C6A8-486C-4DA2-81A6-7B4AAB0DC3F4/ionic-ios-image-exchange.app/www/index.html
2014-09-15 13:57:30.240 ionic-ios-image-exchange[84694:70b] THREAD WARNING: ['File'] took '1914.518066' ms. Plugin should use a background thread.
2014-09-15 13:57:31.973 ionic-ios-image-exchange[84694:70b] THREAD WARNING: ['ImageExchange'] took '1728.700195' ms. Plugin should use a background thread.
2014-09-15 13:57:31.977 ionic-ios-image-exchange[84694:70b] Succesfully read file path
2014-09-15 13:57:31.978 ionic-ios-image-exchange[84694:70b] The result is lenna.png
2014-09-15 13:57:31.984 ionic-ios-image-exchange[84694:70b] The result is [object ArrayBuffer]
2014-09-15 13:57:36.263 ionic-ios-image-exchange[84694:70b] THREAD WARNING: ['File'] took '1564.394775' ms. Plugin should use a background thread.
2014-09-15 13:57:37.447 ionic-ios-image-exchange[84694:70b] THREAD WARNING: ['ImageExchange'] took '1179.437988' ms. Plugin should use a background thread.
2014-09-15 13:57:37.451 ionic-ios-image-exchange[84694:70b] Succesfully read file path
2014-09-15 13:57:37.451 ionic-ios-image-exchange[84694:70b] The result is lenna.png
2014-09-15 13:57:37.457 ionic-ios-image-exchange[84694:70b] The result is [object ArrayBuffer]
